2024-11-29 18:27:07,554 - __main__ - INFO - Received payment report: Payment Report Sheet - Hiring - Sheet1.csv
2024-11-29 18:27:09,556 - __main__ - INFO - Processing completed for job 755510a1-ad73-4d81-90b1-3507ba9ec0d9
2024-11-29 18:30:20,003 - __main__ - INFO - Received payment report: Payment Report Sheet - Hiring - Sheet1.csv
2024-11-29 18:30:22,004 - __main__ - INFO - Processing completed for job e26e13d4-c904-4fc9-a124-84a7fdc79dc2
2024-11-29 18:31:05,161 - __main__ - INFO - Received payment report: Payment Report Sheet - Hiring - Sheet1.csv
2024-11-29 18:31:07,162 - __main__ - INFO - Processing completed for job 619a9a0e-228b-4a0e-9868-81bba39190ec
2024-11-29 18:32:25,037 - __main__ - INFO - Received payment report: Payment Report Sheet - Hiring - Sheet1.csv
2024-11-29 18:32:27,038 - __main__ - INFO - Processing completed for job ebbb0c69-451c-4e53-898e-b0e31e9a5f62
2024-11-29 18:34:51,878 - __main__ - INFO - Received payment report: Payment Report Sheet - Hiring - Sheet1.csv
2024-11-29 18:34:53,879 - __main__ - INFO - Processing completed for job d65fd941-d291-4135-8ad0-9934c599d250
2024-11-29 18:36:54,479 - __main__ - INFO - Received payment report: Payment Report Sheet - Hiring - Sheet1.csv
2024-11-29 18:36:56,479 - __main__ - INFO - Processing completed for job d45590fb-ad9d-4f51-8c93-a70a608ff66a
2024-11-29 18:37:03,917 - __main__ - INFO - Received mtr report: Merchant Tax Report (MTR) Sheet - Hiring.xlsx
2024-11-29 18:37:05,918 - __main__ - INFO - Processing completed for job 5f65dc78-eb17-4951-9ba2-fbc47e23bd2d
2024-11-29 18:48:30,269 - __main__ - INFO - Received payment report: Payment Report Sheet - Hiring - Sheet1.csv
2024-11-29 18:48:32,271 - __main__ - INFO - Processing completed for job 33abdd98-086f-48d8-8052-6700bd7d7dbb
2024-11-29 18:49:10,012 - __main__ - INFO - Received payment report: Payment Report Sheet - Hiring - Sheet1.csv
2024-11-29 18:49:12,013 - __main__ - INFO - Processing completed for job 34343484-45af-48b9-8fd7-29c1ea8f1112
2024-11-29 18:51:32,401 - __main__ - INFO - Received payment report: Payment Report Sheet - Hiring - Sheet1.csv
2024-11-29 18:51:34,402 - __main__ - INFO - Processing completed for job 61917136-46ce-441c-a455-c807b10bf364
2024-11-29 18:51:42,646 - __main__ - INFO - Received mtr report: Merchant Tax Report (MTR) Sheet - Hiring.xlsx
2024-11-29 18:51:44,647 - __main__ - INFO - Processing completed for job f7093587-be37-4de6-a042-547ff06efb95
2024-11-29 18:53:15,782 - __main__ - INFO - Received payment report: Payment Report Sheet - Hiring - Sheet1.csv
2024-11-29 18:53:17,783 - __main__ - INFO - Processing completed for job ec6cfd05-c53b-4577-b8a2-fa1be365cd12
2024-11-29 18:53:27,592 - __main__ - INFO - Received mtr report: Merchant Tax Report (MTR) Sheet - Hiring.xlsx
2024-11-29 18:53:29,593 - __main__ - INFO - Processing completed for job 3ea1f1a5-d2e9-43ca-97c1-74cd08bcf6bb
2024-11-29 19:03:31,277 - __main__ - INFO - Received payment report: Payment Report Sheet - Hiring - Sheet1.csv
2024-11-29 19:03:33,278 - __main__ - INFO - Processing completed for job 0c7b8627-5d8c-441d-82e2-98b86f2ee801
2024-11-29 19:11:45,482 - __main__ - INFO - Received mtr report: Merchant Tax Report (MTR) Sheet - Hiring.xlsx
2024-11-29 19:11:47,485 - __main__ - INFO - Processing completed for job e3a80ad7-34c1-45e9-a1e5-f517ab9dac5f
2024-11-29 19:13:31,449 - __main__ - INFO - Received payment report: submission (2).csv
2024-11-29 19:13:33,451 - __main__ - INFO - Processing completed for job 35cf6182-a6f3-4264-b824-bfc949f713b0
2024-11-29 19:13:44,501 - __main__ - INFO - Received mtr report: Exemplar Merged Sheet - Hiring.xlsx
2024-11-29 19:13:46,502 - __main__ - INFO - Processing completed for job 4227e817-7443-43e3-a7d6-d9a55332b237
2024-11-30 01:13:51,554 - main - INFO - Received payment file upload request: Payment Report Sheet - Hiring - Sheet1.csv
2024-11-30 01:13:51,557 - main - INFO - Saving file to: uploads/payment_20241130_011351_Payment Report Sheet - Hiring - Sheet1.csv
2024-11-30 01:13:51,565 - main - INFO - Extracting data from file
2024-11-30 01:13:51,754 - main - INFO - Starting file processing
2024-11-30 01:13:51,840 - pipeline - ERROR - Processing failed: 'total'
2024-11-30 01:13:51,840 - main - ERROR - Failed to process file: 'total'
2024-11-30 01:13:51,842 - main - INFO - Cleaned up temporary file: uploads/payment_20241130_011351_Payment Report Sheet - Hiring - Sheet1.csv
2024-11-30 01:15:23,972 - main - INFO - Received payment file upload request: Payment Report Sheet - Hiring - Sheet1.csv
2024-11-30 01:15:23,975 - main - INFO - Saving file to: uploads/payment_20241130_011523_Payment Report Sheet - Hiring - Sheet1.csv
2024-11-30 01:15:23,979 - main - INFO - Extracting data from file
2024-11-30 01:15:24,174 - main - INFO - Starting file processing
2024-11-30 01:15:24,204 - pipeline - INFO - Payment data columns: ['date/time', 'type', 'order_id', 'description', 'total']
2024-11-30 01:15:24,288 - pipeline - ERROR - Processing failed: 'total'
2024-11-30 01:15:24,288 - main - ERROR - Failed to process file: 'total'
2024-11-30 01:15:24,289 - main - INFO - Cleaned up temporary file: uploads/payment_20241130_011523_Payment Report Sheet - Hiring - Sheet1.csv
2024-11-30 01:16:11,615 - main - INFO - Received payment file upload request: Payment Report Sheet - Hiring - Sheet1.csv
2024-11-30 01:16:11,619 - main - INFO - Saving file to: uploads/payment_20241130_011611_Payment Report Sheet - Hiring - Sheet1.csv
2024-11-30 01:16:11,622 - main - INFO - Extracting data from file
2024-11-30 01:16:11,813 - main - INFO - Starting file processing
2024-11-30 01:16:11,843 - pipeline - INFO - Payment data columns: ['date/time', 'type', 'order_id', 'description', 'total']
2024-11-30 01:16:11,893 - pipeline - INFO - Calculating summary for payment data
2024-11-30 01:16:11,912 - pipeline - ERROR - Summary calculation failed: 'total'
2024-11-30 01:16:11,918 - pipeline - ERROR - Processing failed: 'total'
2024-11-30 01:16:11,919 - main - ERROR - Failed to process file: 'total'
2024-11-30 01:16:11,919 - main - INFO - Cleaned up temporary file: uploads/payment_20241130_011611_Payment Report Sheet - Hiring - Sheet1.csv
2024-11-30 01:17:38,332 - main - INFO - Received payment file upload request: Payment Report Sheet - Hiring - Sheet1.csv
2024-11-30 01:17:38,335 - main - INFO - Saving file to: uploads/payment_20241130_011738_Payment Report Sheet - Hiring - Sheet1.csv
2024-11-30 01:17:38,337 - main - INFO - Extracting data from file
2024-11-30 01:17:38,471 - main - INFO - Starting file processing
2024-11-30 01:17:38,494 - pipeline - INFO - Payment data columns: ['date/time', 'type', 'order_id', 'description', 'total']
2024-11-30 01:17:38,523 - pipeline - INFO - Calculating summary for payment data
2024-11-30 01:17:38,537 - pipeline - INFO - DataFrame info: None
2024-11-30 01:17:38,540 - pipeline - INFO - DataFrame head: {'date/time': {0: '6/7/2024', 1: '6/7/2024', 2: '6/7/2024', 3: '6/7/2024', 4: '6/7/2024'}, 'type': {0: 'Order', 1: 'Order', 2: 'Order', 3: 'Return', 4: 'Order'}, 'order_id': {0: '704-2009979-9278353', 1: '304-8583806-8076839', 2: '804-0963015-8195231', 3: '704-9435389-0230863', 4: '304-2971818-4630496'}, 'description': {0: 'Product A', 1: 'Product A', 2: 'FBA Inventory Reimbursement - Customer Service Issue', 3: 'Product A', 4: 'Product A'}, 'total': {0: 912.27, 1: 1069.68, 2: 100.2, 3: -454.77, 4: 387.24}, 'processed_date': {0: '2024-11-29T19:47:38.507059', 1: '2024-11-29T19:47:38.507059', 2: '2024-11-29T19:47:38.507059', 3: '2024-11-29T19:47:38.507059', 4: '2024-11-29T19:47:38.507059'}, 'source': {0: 'payment', 1: 'payment', 2: 'payment', 3: 'payment', 4: 'payment'}}
2024-11-30 01:17:38,540 - pipeline - INFO - Amount column: total
2024-11-30 01:17:38,540 - pipeline - INFO - Column dtypes: {'date/time': dtype('O'), 'type': dtype('O'), 'order_id': dtype('O'), 'description': dtype('O'), 'total': dtype('float64'), 'processed_date': dtype('O'), 'source': dtype('O')}
2024-11-30 01:17:38,542 - pipeline - INFO - Raw total values: 0     912.27
1    1069.68
2     100.20
3    -454.77
4     387.24
Name: total, dtype: float64
2024-11-30 01:17:38,543 - pipeline - INFO - Non-null values count: 2896
2024-11-30 01:17:38,545 - pipeline - INFO - Unique types: ['Order' 'Return']
2024-11-30 01:17:38,554 - pipeline - INFO - Type summary: {('total', 'count'): {'Order': 2511, 'Return': 385}, ('total', 'sum'): {'Order': 1173769.76, 'Return': -318520.48}}
2024-11-30 01:17:38,554 - pipeline - ERROR - Summary calculation failed: 'total'
2024-11-30 01:17:38,554 - pipeline - ERROR - Data sample: [{'date/time': '6/7/2024', 'type': 'Order', 'order_id': '704-2009979-9278353', 'description': 'Product A', 'total': 912.27, 'processed_date': '2024-11-29T19:47:38.507059', 'source': 'payment'}, {'date/time': '6/7/2024', 'type': 'Order', 'order_id': '304-8583806-8076839', 'description': 'Product A', 'total': 1069.68, 'processed_date': '2024-11-29T19:47:38.507059', 'source': 'payment'}]
2024-11-30 01:17:38,558 - pipeline - ERROR - Processing failed: 'total'
2024-11-30 01:17:38,559 - main - ERROR - Failed to process file: 'total'
2024-11-30 01:17:38,559 - main - INFO - Cleaned up temporary file: uploads/payment_20241130_011738_Payment Report Sheet - Hiring - Sheet1.csv
2024-11-30 01:18:20,791 - main - INFO - Received payment file upload request: Payment Report Sheet - Hiring - Sheet1.csv
2024-11-30 01:18:20,792 - main - INFO - Saving file to: uploads/payment_20241130_011820_Payment Report Sheet - Hiring - Sheet1.csv
2024-11-30 01:18:20,793 - main - INFO - Extracting data from file
2024-11-30 01:18:20,897 - main - INFO - Starting file processing
2024-11-30 01:18:20,934 - pipeline - INFO - Payment data columns: ['date/time', 'type', 'order_id', 'description', 'total']
2024-11-30 01:18:20,969 - pipeline - INFO - Calculating summary for payment data
2024-11-30 01:18:20,976 - pipeline - INFO - DataFrame info: None
2024-11-30 01:18:20,977 - pipeline - INFO - DataFrame head: {'date/time': {0: '6/7/2024', 1: '6/7/2024', 2: '6/7/2024', 3: '6/7/2024', 4: '6/7/2024'}, 'type': {0: 'Order', 1: 'Order', 2: 'Order', 3: 'Return', 4: 'Order'}, 'order_id': {0: '704-2009979-9278353', 1: '304-8583806-8076839', 2: '804-0963015-8195231', 3: '704-9435389-0230863', 4: '304-2971818-4630496'}, 'description': {0: 'Product A', 1: 'Product A', 2: 'FBA Inventory Reimbursement - Customer Service Issue', 3: 'Product A', 4: 'Product A'}, 'total': {0: 912.27, 1: 1069.68, 2: 100.2, 3: -454.77, 4: 387.24}, 'processed_date': {0: '2024-11-29T19:48:20.950690', 1: '2024-11-29T19:48:20.950690', 2: '2024-11-29T19:48:20.950690', 3: '2024-11-29T19:48:20.950690', 4: '2024-11-29T19:48:20.950690'}, 'source': {0: 'payment', 1: 'payment', 2: 'payment', 3: 'payment', 4: 'payment'}}
2024-11-30 01:18:20,977 - pipeline - INFO - Amount column: total
2024-11-30 01:18:20,978 - pipeline - INFO - Column dtypes: {'date/time': dtype('O'), 'type': dtype('O'), 'order_id': dtype('O'), 'description': dtype('O'), 'total': dtype('float64'), 'processed_date': dtype('O'), 'source': dtype('O')}
2024-11-30 01:18:20,979 - pipeline - INFO - Raw total values: 0     912.27
1    1069.68
2     100.20
3    -454.77
4     387.24
Name: total, dtype: float64
2024-11-30 01:18:20,979 - pipeline - INFO - Non-null values count: 2896
2024-11-30 01:18:20,980 - pipeline - INFO - Unique types: ['Order' 'Return']
2024-11-30 01:18:20,986 - pipeline - INFO - Type summary: {('total', 'count'): {'Order': 2511, 'Return': 385}, ('total', 'sum'): {'Order': 1173769.76, 'Return': -318520.48}}
2024-11-30 01:18:20,986 - pipeline - ERROR - Summary calculation failed: 'total'
2024-11-30 01:18:20,986 - pipeline - ERROR - Data sample: [{'date/time': '6/7/2024', 'type': 'Order', 'order_id': '704-2009979-9278353', 'description': 'Product A', 'total': 912.27, 'processed_date': '2024-11-29T19:48:20.950690', 'source': 'payment'}, {'date/time': '6/7/2024', 'type': 'Order', 'order_id': '304-8583806-8076839', 'description': 'Product A', 'total': 1069.68, 'processed_date': '2024-11-29T19:48:20.950690', 'source': 'payment'}]
2024-11-30 01:18:20,990 - pipeline - ERROR - Processing failed: 'total'
2024-11-30 01:18:20,990 - main - ERROR - Failed to process file: 'total'
2024-11-30 01:18:20,990 - main - INFO - Cleaned up temporary file: uploads/payment_20241130_011820_Payment Report Sheet - Hiring - Sheet1.csv
2024-11-30 01:19:40,549 - main - INFO - Received payment file upload request: Payment Report Sheet - Hiring - Sheet1.csv
2024-11-30 01:19:40,550 - main - INFO - Saving file to: uploads/payment_20241130_011940_Payment Report Sheet - Hiring - Sheet1.csv
2024-11-30 01:19:40,553 - main - INFO - Extracting data from file
2024-11-30 01:19:40,668 - main - INFO - Starting file processing
2024-11-30 01:19:40,705 - pipeline - INFO - Payment data columns: ['date/time', 'type', 'order_id', 'description', 'total']
2024-11-30 01:19:40,744 - pipeline - INFO - Calculating summary for payment data
2024-11-30 01:19:40,758 - pipeline - INFO - DataFrame info: None
2024-11-30 01:19:40,760 - pipeline - INFO - DataFrame head: {'date/time': {0: '6/7/2024', 1: '6/7/2024', 2: '6/7/2024', 3: '6/7/2024', 4: '6/7/2024'}, 'type': {0: 'Order', 1: 'Order', 2: 'Order', 3: 'Return', 4: 'Order'}, 'order_id': {0: '704-2009979-9278353', 1: '304-8583806-8076839', 2: '804-0963015-8195231', 3: '704-9435389-0230863', 4: '304-2971818-4630496'}, 'description': {0: 'Product A', 1: 'Product A', 2: 'FBA Inventory Reimbursement - Customer Service Issue', 3: 'Product A', 4: 'Product A'}, 'total': {0: 912.27, 1: 1069.68, 2: 100.2, 3: -454.77, 4: 387.24}, 'processed_date': {0: '2024-11-29T19:49:40.723945', 1: '2024-11-29T19:49:40.723945', 2: '2024-11-29T19:49:40.723945', 3: '2024-11-29T19:49:40.723945', 4: '2024-11-29T19:49:40.723945'}, 'source': {0: 'payment', 1: 'payment', 2: 'payment', 3: 'payment', 4: 'payment'}}
2024-11-30 01:19:40,760 - pipeline - INFO - Amount column: total
2024-11-30 01:19:40,761 - pipeline - INFO - Column dtypes: {'date/time': dtype('O'), 'type': dtype('O'), 'order_id': dtype('O'), 'description': dtype('O'), 'total': dtype('float64'), 'processed_date': dtype('O'), 'source': dtype('O')}
2024-11-30 01:19:40,762 - pipeline - INFO - Raw total values: 0     912.27
1    1069.68
2     100.20
3    -454.77
4     387.24
Name: total, dtype: float64
2024-11-30 01:19:40,762 - pipeline - INFO - Non-null values count: 2896
2024-11-30 01:19:40,764 - pipeline - INFO - Unique types: ['Order' 'Return']
2024-11-30 01:19:40,767 - pipeline - INFO - Type summary: {'count': {'Order': 2511, 'Return': 385}, 'sum': {'Order': 1173769.76, 'Return': -318520.48}}
2024-11-30 01:19:40,768 - pipeline - INFO - Final summary: {'total_records': 2896, 'timestamp': '2024-11-29T19:49:40.760841', 'total_amount': 855249.28, 'average_amount': 295.32088397790056, 'max_amount': 4984.28, 'min_amount': -8439.08, 'transaction_types': {'Order': {'count': 2511, 'total_amount': 1173769.76}, 'Return': {'count': 385, 'total_amount': -318520.48}}}
2024-11-30 01:19:40,901 - main - INFO - Cleaned up temporary file: uploads/payment_20241130_011940_Payment Report Sheet - Hiring - Sheet1.csv
2024-11-30 01:20:17,096 - main - INFO - Received payment file upload request: Payment Report Sheet - Hiring - Sheet1.csv
2024-11-30 01:20:17,097 - main - INFO - Saving file to: uploads/payment_20241130_012017_Payment Report Sheet - Hiring - Sheet1.csv
2024-11-30 01:20:17,098 - main - INFO - Extracting data from file
2024-11-30 01:20:17,170 - main - INFO - Starting file processing
2024-11-30 01:20:17,194 - pipeline - INFO - Payment data columns: ['date/time', 'type', 'order_id', 'description', 'total']
2024-11-30 01:20:17,228 - pipeline - INFO - Calculating summary for payment data
2024-11-30 01:20:17,236 - pipeline - INFO - DataFrame info: None
2024-11-30 01:20:17,237 - pipeline - INFO - DataFrame head: {'date/time': {0: '6/7/2024', 1: '6/7/2024', 2: '6/7/2024', 3: '6/7/2024', 4: '6/7/2024'}, 'type': {0: 'Order', 1: 'Order', 2: 'Order', 3: 'Return', 4: 'Order'}, 'order_id': {0: '704-2009979-9278353', 1: '304-8583806-8076839', 2: '804-0963015-8195231', 3: '704-9435389-0230863', 4: '304-2971818-4630496'}, 'description': {0: 'Product A', 1: 'Product A', 2: 'FBA Inventory Reimbursement - Customer Service Issue', 3: 'Product A', 4: 'Product A'}, 'total': {0: 912.27, 1: 1069.68, 2: 100.2, 3: -454.77, 4: 387.24}, 'processed_date': {0: '2024-11-29T19:50:17.209625', 1: '2024-11-29T19:50:17.209625', 2: '2024-11-29T19:50:17.209625', 3: '2024-11-29T19:50:17.209625', 4: '2024-11-29T19:50:17.209625'}, 'source': {0: 'payment', 1: 'payment', 2: 'payment', 3: 'payment', 4: 'payment'}}
2024-11-30 01:20:17,237 - pipeline - INFO - Amount column: total
2024-11-30 01:20:17,237 - pipeline - INFO - Column dtypes: {'date/time': dtype('O'), 'type': dtype('O'), 'order_id': dtype('O'), 'description': dtype('O'), 'total': dtype('float64'), 'processed_date': dtype('O'), 'source': dtype('O')}
2024-11-30 01:20:17,238 - pipeline - INFO - Raw total values: 0     912.27
1    1069.68
2     100.20
3    -454.77
4     387.24
Name: total, dtype: float64
2024-11-30 01:20:17,239 - pipeline - INFO - Non-null values count: 2896
2024-11-30 01:20:17,239 - pipeline - INFO - Unique types: ['Order' 'Return']
2024-11-30 01:20:17,242 - pipeline - INFO - Type summary: {'count': {'Order': 2511, 'Return': 385}, 'sum': {'Order': 1173769.76, 'Return': -318520.48}}
2024-11-30 01:20:17,242 - pipeline - INFO - Final summary: {'total_records': 2896, 'timestamp': '2024-11-29T19:50:17.237657', 'total_amount': 855249.28, 'average_amount': 295.32088397790056, 'max_amount': 4984.28, 'min_amount': -8439.08, 'transaction_types': {'Order': {'count': 2511, 'total_amount': 1173769.76}, 'Return': {'count': 385, 'total_amount': -318520.48}}}
2024-11-30 01:20:17,311 - main - INFO - Cleaned up temporary file: uploads/payment_20241130_012017_Payment Report Sheet - Hiring - Sheet1.csv
2024-11-30 01:30:40,596 - main - INFO - Received payment file upload request: Payment Report Sheet - Hiring - Sheet1.csv
2024-11-30 01:30:40,597 - main - ERROR - Unexpected error during payment file upload: name 'os' is not defined
2024-11-30 01:31:25,737 - main - INFO - Received payment file upload request: Payment Report Sheet - Hiring - Sheet1.csv
2024-11-30 01:31:25,738 - main - INFO - Saving file to: uploads/payment_20241130_013125_Payment Report Sheet - Hiring - Sheet1.csv
2024-11-30 01:31:25,740 - main - INFO - Extracting data from file
2024-11-30 01:31:25,851 - main - INFO - Starting file processing
2024-11-30 01:31:25,873 - pipeline - INFO - Payment data columns: ['date/time', 'type', 'order_id', 'description', 'total']
2024-11-30 01:31:25,908 - pipeline - INFO - Calculating summary for payment data
2024-11-30 01:31:25,921 - pipeline - INFO - DataFrame info: None
2024-11-30 01:31:25,924 - pipeline - INFO - DataFrame head: {'date/time': {0: '6/7/2024', 1: '6/7/2024', 2: '6/7/2024', 3: '6/7/2024', 4: '6/7/2024'}, 'type': {0: 'Order', 1: 'Order', 2: 'Order', 3: 'Return', 4: 'Order'}, 'order_id': {0: '704-2009979-9278353', 1: '304-8583806-8076839', 2: '804-0963015-8195231', 3: '704-9435389-0230863', 4: '304-2971818-4630496'}, 'description': {0: 'Product A', 1: 'Product A', 2: 'FBA Inventory Reimbursement - Customer Service Issue', 3: 'Product A', 4: 'Product A'}, 'total': {0: 912.27, 1: 1069.68, 2: 100.2, 3: -454.77, 4: 387.24}, 'processed_date': {0: '2024-11-29T20:01:25.891034', 1: '2024-11-29T20:01:25.891034', 2: '2024-11-29T20:01:25.891034', 3: '2024-11-29T20:01:25.891034', 4: '2024-11-29T20:01:25.891034'}, 'source': {0: 'payment', 1: 'payment', 2: 'payment', 3: 'payment', 4: 'payment'}}
2024-11-30 01:31:25,924 - pipeline - INFO - Amount column: total
2024-11-30 01:31:25,925 - pipeline - INFO - Column dtypes: {'date/time': dtype('O'), 'type': dtype('O'), 'order_id': dtype('O'), 'description': dtype('O'), 'total': dtype('float64'), 'processed_date': dtype('O'), 'source': dtype('O')}
2024-11-30 01:31:25,926 - pipeline - INFO - Raw total values: 0     912.27
1    1069.68
2     100.20
3    -454.77
4     387.24
Name: total, dtype: float64
2024-11-30 01:31:25,927 - pipeline - INFO - Non-null values count: 2896
2024-11-30 01:31:25,928 - pipeline - INFO - Unique types: ['Order' 'Return']
2024-11-30 01:31:25,932 - pipeline - INFO - Type summary: {'count': {'Order': 2511, 'Return': 385}, 'sum': {'Order': 1173769.76, 'Return': -318520.48}}
2024-11-30 01:31:25,933 - pipeline - INFO - Final summary: {'total_records': 2896, 'timestamp': '2024-11-29T20:01:25.924466', 'total_amount': 855249.28, 'average_amount': 295.32088397790056, 'max_amount': 4984.28, 'min_amount': -8439.08, 'transaction_types': {'Order': {'count': 2511, 'total_amount': 1173769.76}, 'Return': {'count': 385, 'total_amount': -318520.48}}}
2024-11-30 01:31:26,055 - main - INFO - Cleaned up temporary file: uploads/payment_20241130_013125_Payment Report Sheet - Hiring - Sheet1.csv
2024-11-30 02:26:22,010 - main - WARNING - Client error: File too large. Maximum size is 10MB.
